<?xml version="1.0" encoding="UTF-8"?>
<!-- Generated by org.testng.reporters.JUnitXMLReporter -->
<testsuite hostname="inl-cc126152-1" name="Default test" tests="4" failures="0" timestamp="22 Aug 2015 10:04:03 GMT" time="0.08" errors="0">
  <testcase name="@BeforeClass setup" time="0.0" classname="com.nk.tests.LoginPageTest">
    <failure type="org.testng.TestNGException" message="
Parameter &amp;apos;browserType&amp;apos; is required by @Configuration on method setup but has not been marked @Optional or defined
in C:\Users\uthkarsha.venkataswa\AppData\Local\Temp\testng-eclipse--1764574681\testng-customsuite.xml">
      <![CDATA[org.testng.TestNGException: 
Parameter 'browserType' is required by @Configuration on method setup but has not been marked @Optional or defined
in C:\Users\uthkarsha.venkataswa\AppData\Local\Temp\testng-eclipse--1764574681\testng-customsuite.xml
	at org.testng.internal.Parameters.createParameters(Parameters.java:155)
	at org.testng.internal.Parameters.createParameters(Parameters.java:358)
	at org.testng.internal.Parameters.createConfigurationParameters(Parameters.java:86)
	at org.testng.internal.Invoker.invokeConfigurations(Invoker.java:199)
	at org.testng.internal.Invoker.invokeConfigurations(Invoker.java:138)
	at org.testng.internal.TestMethodWorker.invokeBeforeClassMethods(TestMethodWorker.java:175)
	at org.testng.internal.TestMethodWorker.run(TestMethodWorker.java:107)
	at org.testng.TestRunner.privateRun(TestRunner.java:767)
	at org.testng.TestRunner.run(TestRunner.java:617)
	at org.testng.SuiteRunner.runTest(SuiteRunner.java:334)
	at org.testng.SuiteRunner.runSequentially(SuiteRunner.java:329)
	at org.testng.SuiteRunner.privateRun(SuiteRunner.java:291)
	at org.testng.SuiteRunner.run(SuiteRunner.java:240)
	at org.testng.SuiteRunnerWorker.runSuite(SuiteRunnerWorker.java:52)
	at org.testng.SuiteRunnerWorker.run(SuiteRunnerWorker.java:86)
	at org.testng.TestNG.runSuitesSequentially(TestNG.java:1224)
	at org.testng.TestNG.runSuitesLocally(TestNG.java:1149)
	at org.testng.TestNG.run(TestNG.java:1057)
	at org.testng.remote.RemoteTestNG.run(RemoteTestNG.java:111)
	at org.testng.remote.RemoteTestNG.initAndRun(RemoteTestNG.java:204)
	at org.testng.remote.RemoteTestNG.main(RemoteTestNG.java:175)
]]>
    </failure>
  </testcase> <!-- @BeforeClass setup -->
  <testcase name="@AfterClass tearDown" time="0.0" classname="com.nk.tests.LoginPageTest">
    <skipped/>
  </testcase> <!-- @AfterClass tearDown -->
  <testcase name="verifyLoginlink" time="0.013" classname="com.nk.tests.LoginPageTest">
    <skipped/>
  </testcase> <!-- verifyLoginlink -->
  <testcase name="verifyLoginContent" time="0.002" classname="com.nk.tests.LoginPageTest">
    <skipped/>
  </testcase> <!-- verifyLoginContent -->
  <testcase name="UserLogin" time="0.002" classname="com.nk.tests.LoginPageTest">
    <skipped/>
  </testcase> <!-- UserLogin -->
  <testcase name="forgotPass" time="0.002" classname="com.nk.tests.LoginPageTest">
    <skipped/>
  </testcase> <!-- forgotPass -->
</testsuite> <!-- Default test -->
