<!DOCTYPE html PUBLIC "-//W3C//DTD XHTML 1.1//EN" "http://www.w3.org/TR/xhtml11/DTD/xhtml11.dtd">
<html xmlns="http://www.w3.org/1999/xhtml"><head><title>TestNG Report</title><style type="text/css">table {margin-bottom:10px;border-collapse:collapse;empty-cells:show}th,td {border:1px solid #009;padding:.25em .5em}th {vertical-align:bottom}td {vertical-align:top}table a {font-weight:bold}.stripe td {background-color: #E6EBF9}.num {text-align:right}.passedodd td {background-color: #3F3}.passedeven td {background-color: #0A0}.skippedodd td {background-color: #DDD}.skippedeven td {background-color: #CCC}.failedodd td,.attn {background-color: #F33}.failedeven td,.stripe .attn {background-color: #D00}.stacktrace {white-space:pre;font-family:monospace}.totop {font-size:85%;text-align:center;border-bottom:2px solid #000}</style></head><body><table><tr><th>Test</th><th># Passed</th><th># Skipped</th><th># Failed</th><th>Time (ms)</th><th>Included Groups</th><th>Excluded Groups</th></tr><tr><th colspan="7">Page Object test example</th></tr><tr><td><a href="#t0">sample test</a></td><td class="num">2</td><td class="num">0</td><td class="num attn">2</td><td class="num">63,098</td><td></td><td></td></tr></table><table><thead><tr><th>Class</th><th>Method</th><th>Start</th><th>Time (ms)</th></tr></thead><tbody><tr><th colspan="4">Page Object test example</th></tr></tbody><tbody id="t0"><tr><th colspan="4">sample test &#8212; failed</th></tr><tr class="failedeven"><td rowspan="2">com.nk.tests.LoginPageTest</td><td><a href="#m0">UserLogin</a></td><td rowspan="1">1440238494393</td><td rowspan="1">14633</td></tr><tr class="failedeven"><td><a href="#m1">forgotPass</a></td><td rowspan="1">1440238509042</td><td rowspan="1">15296</td></tr><tr><th colspan="4">sample test &#8212; passed</th></tr><tr class="passedeven"><td rowspan="2">com.nk.tests.LoginPageTest</td><td><a href="#m2">verifyLoginContent</a></td><td rowspan="1">1440238489469</td><td rowspan="1">4923</td></tr><tr class="passedeven"><td><a href="#m3">verifyLoginlink</a></td><td rowspan="1">1440238484365</td><td rowspan="1">5087</td></tr></tbody></table><h2>sample test</h2><h3 id="m0">com.nk.tests.LoginPageTest#UserLogin</h3><table class="result"><tr><th>Exception</th></tr><tr><td><div class="stacktrace">java.lang.Exception: Failed to Pass User Name
Element is not currently visible and so may not be interacted with
Command duration or timeout: 10.15 seconds
Build info: version: &apos;2.47.0&apos;, revision: &apos;0e4837e94b1fad0db93e88cd972ed3e235a22892&apos;, time: &apos;2015-07-29 15:58:41&apos;
System info: host: &apos;inl-cc126152-1&apos;, ip: &apos;192.168.0.3&apos;, os.name: &apos;Windows 7&apos;, os.arch: &apos;x86&apos;, os.version: &apos;6.1&apos;, java.version: &apos;1.8.0_45&apos;
Driver info: org.openqa.selenium.firefox.FirefoxDriver
Capabilities [{applicationCacheEnabled=true, rotatable=false, handlesAlerts=true, databaseEnabled=true, version=37.0.2, platform=WINDOWS, nativeEvents=false, acceptSslCerts=true, webStorageEnabled=true, locationContextEnabled=true, browserName=firefox, takesScreenshot=true, javascriptEnabled=true, cssSelectorsEnabled=true}]
Session ID: 26871563-e33f-4a20-89c1-dfc25ceceda6
	at com.nk.pages.LoginPage.username(LoginPage.java:79)
	at com.nk.tests.LoginPageTest.UserLogin(LoginPageTest.java:58)
... Removed 30 stack frames</div></td></tr></table><p class="totop"><a href="#summary">back to summary</a></p><h3 id="m1">com.nk.tests.LoginPageTest#forgotPass</h3><table class="result"><tr><th>Exception</th></tr><tr><td><div class="stacktrace">org.openqa.selenium.NoSuchElementException: Unable to locate element: {&quot;method&quot;:&quot;xpath&quot;,&quot;selector&quot;:&quot;//div[@id=&apos;rPanel&apos;]//h1&quot;}
Command duration or timeout: 10.20 seconds
For documentation on this error, please visit: http://seleniumhq.org/exceptions/no_such_element.html
Build info: version: &apos;2.47.0&apos;, revision: &apos;0e4837e94b1fad0db93e88cd972ed3e235a22892&apos;, time: &apos;2015-07-29 15:58:41&apos;
System info: host: &apos;inl-cc126152-1&apos;, ip: &apos;192.168.0.3&apos;, os.name: &apos;Windows 7&apos;, os.arch: &apos;x86&apos;, os.version: &apos;6.1&apos;, java.version: &apos;1.8.0_45&apos;
Driver info: org.openqa.selenium.firefox.FirefoxDriver
Capabilities [{applicationCacheEnabled=true, rotatable=false, handlesAlerts=true, databaseEnabled=true, version=37.0.2, platform=WINDOWS, nativeEvents=false, acceptSslCerts=true, webStorageEnabled=true, locationContextEnabled=true, browserName=firefox, takesScreenshot=true, javascriptEnabled=true, cssSelectorsEnabled=true}]
Session ID: 26871563-e33f-4a20-89c1-dfc25ceceda6
*** Element info: {Using=xpath, value=//div[@id=&apos;rPanel&apos;]//h1}
	at org.openqa.selenium.remote.ErrorHandler.createThrowable(ErrorHandler.java:206)
	at org.openqa.selenium.remote.ErrorHandler.throwIfResponseFailed(ErrorHandler.java:158)
	at org.openqa.selenium.remote.RemoteWebDriver.execute(RemoteWebDriver.java:595)
	at org.openqa.selenium.remote.RemoteWebDriver.findElement(RemoteWebDriver.java:348)
	at org.openqa.selenium.remote.RemoteWebDriver.findElementByXPath(RemoteWebDriver.java:445)
	at org.openqa.selenium.By$ByXPath.findElement(By.java:358)
	at org.openqa.selenium.remote.RemoteWebDriver.findElement(RemoteWebDriver.java:340)
	at com.nk.pages.ForgotPasswordPage.resetPasswordTitle(ForgotPasswordPage.java:25)
	at com.nk.tests.LoginPageTest.forgotPass(LoginPageTest.java:75)
Caused by: org.openqa.selenium.NoSuchElementException: Unable to locate element: {&quot;method&quot;:&quot;xpath&quot;,&quot;selector&quot;:&quot;//div[@id=&apos;rPanel&apos;]//h1&quot;}
For documentation on this error, please visit: http://seleniumhq.org/exceptions/no_such_element.html
Build info: version: &apos;2.47.0&apos;, revision: &apos;0e4837e94b1fad0db93e88cd972ed3e235a22892&apos;, time: &apos;2015-07-29 15:58:41&apos;
System info: host: &apos;inl-cc126152-1&apos;, ip: &apos;192.168.0.3&apos;, os.name: &apos;Windows 7&apos;, os.arch: &apos;x86&apos;, os.version: &apos;6.1&apos;, java.version: &apos;1.8.0_45&apos;
Driver info: driver.version: unknown
	at &lt;anonymous class&gt;.FirefoxDriver.prototype.findElementInternal_(file:///C:/Users/UTHKAR~1.VEN/AppData/Local/Temp/anonymous3920434541763173918webdriver-profile/extensions/fxdriver@googlecode.com/components/driver-component.js:10667)
	at &lt;anonymous class&gt;.fxdriver.Timer.prototype.setTimeout/&lt;.notify(file:///C:/Users/UTHKAR~1.VEN/AppData/Local/Temp/anonymous3920434541763173918webdriver-profile/extensions/fxdriver@googlecode.com/components/driver-component.js:623)
... Removed 34 stack frames</div></td></tr></table><p class="totop"><a href="#summary">back to summary</a></p><h3 id="m2">com.nk.tests.LoginPageTest#verifyLoginContent</h3><table class="result"></table><p class="totop"><a href="#summary">back to summary</a></p><h3 id="m3">com.nk.tests.LoginPageTest#verifyLoginlink</h3><table class="result"></table><p class="totop"><a href="#summary">back to summary</a></p></body></html>